[2023-02-23T09:53:56.782351+00:00] api.ERROR: "Api\\Repository\\PostsRepositoryFromDoctrine::getById(): Return value must be of type Api\\Entity\\Posts, null returned" [] []
[2023-02-23T09:54:37.440369+00:00] api.ERROR: Api\Repository\PostsRepositoryFromDoctrine::getById(): Return value must be of type Api\Entity\Posts, null returned [] []
[2023-02-23T09:54:42.914834+00:00] api.ERROR: Api\Repository\PostsRepositoryFromDoctrine::getById(): Return value must be of type Api\Entity\Posts, null returned [] []
[2023-02-23T09:55:39.000106+00:00] api.ERROR: Api\Repository\CategoriesRepositoryFromDoctrine::fetchById(): Return value must be of type Api\Entity\Categories, null returned [] []
[2023-02-23T11:53:11.447354+00:00] api.ERROR: Api\Entity\Posts::__construct(): Argument #7 ($posted_at) must be of type DateTimeImmutable, string given, called in /Users/krivanraul/php-api-project/src/Controller/CreatePostsController.php on line 71 [] []
[2023-02-23T11:56:38.220738+00:00] api.ERROR: Api\Entity\Posts::__construct(): Argument #7 ($posted_at) must be of type DateTimeImmutable, string given, called in /Users/krivanraul/php-api-project/src/Controller/CreatePostsController.php on line 71 [] []
[2023-02-23T12:12:27.869818+00:00] api.ERROR: Not found. [] []
[2023-02-23T12:12:53.293729+00:00] api.ERROR: Not found. [] []
[2023-02-23T12:12:58.738305+00:00] api.ERROR: Not found. [] []
[2023-02-28T16:55:31.205693+00:00] api.ERROR: An exception occurred in the driver: SQLSTATE[HY000] [2002] No such file or directory [] []
[2023-02-28T16:55:33.541875+00:00] api.ERROR: An exception occurred in the driver: SQLSTATE[HY000] [2002] No such file or directory [] []
[2023-02-28T16:55:57.893961+00:00] api.ERROR: Api\Repository\PostsRepositoryFromDoctrine::getById(): Return value must be of type Api\Entity\Posts, null returned [] []
[2023-03-01T07:31:37.148310+00:00] api.ERROR: An exception occurred in the driver: SQLSTATE[HY000] [2002] No such file or directory [] []
[2023-03-01T07:31:43.898789+00:00] api.ERROR: An exception occurred in the driver: SQLSTATE[HY000] [2002] No such file or directory [] []
[2023-03-01T07:53:18.267004+00:00] api.ERROR: Api\Repository\PostsRepositoryFromDoctrine::getById(): Argument #1 ($post_id) must be of type Ramsey\Uuid\UuidInterface, string given, called in /Users/krivanraul/php-api-project/src/Controller/DeletePostsController.php on line 52 [] []
[2023-03-01T07:54:40.825958+00:00] api.ERROR: Api\Repository\PostsRepositoryFromDoctrine::getById(): Return value must be of type Api\Entity\Posts, null returned [] []
[2023-03-01T07:54:50.981927+00:00] api.ERROR: Api\Repository\PostsRepositoryFromDoctrine::getById(): Return value must be of type Api\Entity\Posts, null returned [] []
[2023-03-01T07:55:25.786905+00:00] api.ERROR: Api\Repository\PostsRepositoryFromDoctrine::getById(): Return value must be of type Api\Entity\Posts, null returned [] []
[2023-03-01T07:57:05.231065+00:00] api.ERROR: Api\Repository\PostsRepositoryFromDoctrine::getById(): Return value must be of type Api\Entity\Posts, null returned [] []
[2023-03-01T07:59:31.427420+00:00] api.ERROR: Api\Repository\PostsRepositoryFromDoctrine::getById(): Return value must be of type Api\Entity\Posts, null returned [] []
[2023-03-01T08:02:48.591031+00:00] api.ERROR: Api\Controller\DeletePostsController::__invoke(): Return value must be of type Laminas\Diactoros\Response\JsonResponse, none returned [] []
[2023-03-01T08:03:13.891102+00:00] api.ERROR: Api\Controller\DeletePostsController::__invoke(): Return value must be of type Laminas\Diactoros\Response\JsonResponse, none returned [] []
[2023-03-01T08:04:09.015389+00:00] api.ERROR: Api\Repository\PostsRepositoryFromDoctrine::getById(): Argument #1 ($post_id) must be of type Ramsey\Uuid\UuidInterface, string given, called in /Users/krivanraul/php-api-project/src/Controller/DeletePostsController.php on line 52 [] []
[2023-03-01T08:07:37.688101+00:00] api.ERROR: Api\Repository\PostsRepositoryFromDoctrine::getById(): Return value must be of type Api\Entity\Posts, null returned [] []
[2023-03-01T08:07:58.129482+00:00] api.ERROR: Api\Controller\DeletePostsController::__invoke(): Return value must be of type Laminas\Diactoros\Response\JsonResponse, none returned [] []
[2023-03-01T08:08:40.046404+00:00] api.ERROR: Api\Controller\DeletePostsController::__invoke(): Return value must be of type Laminas\Diactoros\Response\JsonResponse, none returned [] []
[2023-03-01T08:10:37.524901+00:00] api.ERROR: Api\Repository\CategoriesRepositoryFromDoctrine::fetchById(): Return value must be of type Api\Entity\Categories, null returned [] []
[2023-03-01T08:15:39.096142+00:00] api.ERROR: Api\Repository\CategoriesRepositoryFromDoctrine::fetchById(): Return value must be of type Api\Entity\Categories, null returned [] []
[2023-03-01T08:15:48.762660+00:00] api.ERROR: Api\Repository\PostsRepositoryFromDoctrine::getById(): Return value must be of type Api\Entity\Posts, null returned [] []
[2023-03-01T08:15:49.961850+00:00] api.ERROR: Api\Repository\PostsRepositoryFromDoctrine::getById(): Return value must be of type Api\Entity\Posts, null returned [] []
[2023-03-01T08:18:32.265713+00:00] api.ERROR: Api\Repository\PostsRepositoryFromDoctrine::getById(): Return value must be of type Api\Entity\Posts, null returned [] []
[2023-03-01T08:20:04.351431+00:00] api.ERROR: Api\Repository\PostsRepositoryFromDoctrine::getById(): Return value must be of type Api\Entity\Posts, null returned [] []
[2023-03-01T08:31:45.281242+00:00] api.ERROR: Api\Repository\PostsRepositoryFromDoctrine::getById(): Return value must be of type Api\Entity\Posts, null returned [] []
[2023-03-01T08:37:17.839429+00:00] api.ERROR: Api\Validator\DeletePostValidator::validateId(): Argument #1 ($args) must be of type string, array given, called in /Users/krivanraul/php-api-project/src/Controller/DeletePostsController.php on line 54 [] []
[2023-03-01T08:45:51.918823+00:00] api.ERROR: Api\Repository\PostsRepositoryFromDoctrine::getById(): Return value must be of type Api\Entity\Posts, null returned [] []
[2023-03-01T08:46:35.583690+00:00] api.ERROR: Api\Repository\PostsRepositoryFromDoctrine::getById(): Return value must be of type Api\Entity\Posts, null returned [] []
[2023-03-01T08:48:28.794993+00:00] api.ERROR: Api\Repository\PostsRepositoryFromDoctrine::getById(): Return value must be of type Api\Entity\Posts, null returned [] []
[2023-03-01T08:50:45.588840+00:00] api.ERROR: Api\Repository\PostsRepositoryFromDoctrine::getById(): Return value must be of type Api\Entity\Posts, null returned [] []
[2023-03-01T08:51:05.664355+00:00] api.ERROR: Invalid UUID string: c1d24b2f-8fcf-40bc-9710-b20b21c2bc472 [] []
[2023-03-01T08:51:21.056028+00:00] api.ERROR: Api\Repository\PostsRepositoryFromDoctrine::getById(): Return value must be of type Api\Entity\Posts, null returned [] []
[2023-03-01T08:51:43.591176+00:00] api.ERROR: Api\Repository\PostsRepositoryFromDoctrine::getById(): Return value must be of type Api\Entity\Posts, null returned [] []
[2023-03-01T08:52:30.867562+00:00] api.ERROR: Api\Repository\PostsRepositoryFromDoctrine::getById(): Return value must be of type Api\Entity\Posts, null returned [] []
[2023-03-01T08:55:27.013726+00:00] api.ERROR: Api\Repository\PostsRepositoryFromDoctrine::getById(): Return value must be of type Api\Entity\Posts, null returned [] []
[2023-03-01T08:55:28.570091+00:00] api.ERROR: Api\Repository\PostsRepositoryFromDoctrine::getById(): Return value must be of type Api\Entity\Posts, null returned [] []
[2023-03-01T08:55:29.369815+00:00] api.ERROR: Api\Repository\PostsRepositoryFromDoctrine::getById(): Return value must be of type Api\Entity\Posts, null returned [] []
[2023-03-01T08:55:57.009012+00:00] api.ERROR: Api\Repository\PostsRepositoryFromDoctrine::getById(): Return value must be of type Api\Entity\Posts, null returned [] []
[2023-03-01T08:55:58.023437+00:00] api.ERROR: Api\Repository\PostsRepositoryFromDoctrine::getById(): Return value must be of type Api\Entity\Posts, null returned [] []
[2023-03-01T08:55:58.711954+00:00] api.ERROR: Api\Repository\PostsRepositoryFromDoctrine::getById(): Return value must be of type Api\Entity\Posts, null returned [] []
[2023-03-01T08:58:45.003692+00:00] api.ERROR: Api\Repository\PostsRepositoryFromDoctrine::getById(): Return value must be of type Api\Entity\Posts, null returned [] []
[2023-03-01T08:59:30.845249+00:00] api.ERROR: Api\Repository\PostsRepositoryFromDoctrine::getById(): Return value must be of type Api\Entity\Posts, null returned [] []
[2023-03-01T08:59:55.631467+00:00] api.ERROR: Api\Repository\PostsRepositoryFromDoctrine::getById(): Return value must be of type Api\Entity\Posts, null returned [] []
[2023-03-01T09:00:12.878267+00:00] api.ERROR: Api\Repository\PostsRepositoryFromDoctrine::getById(): Return value must be of type Api\Entity\Posts, null returned [] []
[2023-03-01T09:02:07.586813+00:00] api.ERROR: Api\Repository\PostsRepositoryFromDoctrine::getById(): Return value must be of type Api\Entity\Posts, null returned [] []
[2023-03-01T09:02:48.192702+00:00] api.ERROR: Api\Repository\PostsRepositoryFromDoctrine::getById(): Return value must be of type Api\Entity\Posts, null returned [] []
[2023-03-01T09:03:46.699460+00:00] api.ERROR: Api\Repository\PostsRepositoryFromDoctrine::getById(): Return value must be of type Api\Entity\Posts, null returned [] []
[2023-03-01T09:03:55.766696+00:00] api.ERROR: Invalid UUID string:  deletepostvalidator::validateid($args); [] []
[2023-03-01T09:04:43.047243+00:00] api.ERROR: Api\Repository\PostsRepositoryFromDoctrine::getById(): Return value must be of type Api\Entity\Posts, null returned [] []
[2023-03-01T09:06:17.452105+00:00] api.ERROR: Api\Repository\PostsRepositoryFromDoctrine::getById(): Return value must be of type Api\Entity\Posts, null returned [] []
[2023-03-01T09:06:40.534762+00:00] api.ERROR: Api\Repository\PostsRepositoryFromDoctrine::getById(): Return value must be of type Api\Entity\Posts, null returned [] []
[2023-03-01T09:06:41.404979+00:00] api.ERROR: Api\Repository\PostsRepositoryFromDoctrine::getById(): Return value must be of type Api\Entity\Posts, null returned [] []
[2023-03-01T09:06:41.949740+00:00] api.ERROR: Api\Repository\PostsRepositoryFromDoctrine::getById(): Return value must be of type Api\Entity\Posts, null returned [] []
[2023-03-01T09:08:51.754874+00:00] api.ERROR: Api\Repository\PostsRepositoryFromDoctrine::getById(): Return value must be of type Api\Entity\Posts, null returned [] []
[2023-03-01T09:09:51.360405+00:00] api.ERROR: Api\Repository\PostsRepositoryFromDoctrine::getById(): Return value must be of type Api\Entity\Posts, null returned [] []
[2023-03-01T09:09:52.118704+00:00] api.ERROR: Api\Repository\PostsRepositoryFromDoctrine::getById(): Return value must be of type Api\Entity\Posts, null returned [] []
[2023-03-01T09:10:09.135315+00:00] api.ERROR: Api\Repository\PostsRepositoryFromDoctrine::getById(): Return value must be of type Api\Entity\Posts, null returned [] []
[2023-03-01T09:10:12.678209+00:00] api.ERROR: Api\Repository\PostsRepositoryFromDoctrine::getById(): Return value must be of type Api\Entity\Posts, null returned [] []
[2023-03-01T09:12:04.469140+00:00] api.ERROR: Api\Repository\PostsRepositoryFromDoctrine::getById(): Return value must be of type Api\Entity\Posts, null returned [] []
[2023-03-01T09:12:05.283259+00:00] api.ERROR: Api\Repository\PostsRepositoryFromDoctrine::getById(): Return value must be of type Api\Entity\Posts, null returned [] []
[2023-03-01T09:12:05.676878+00:00] api.ERROR: Api\Repository\PostsRepositoryFromDoctrine::getById(): Return value must be of type Api\Entity\Posts, null returned [] []
[2023-03-01T09:13:32.855723+00:00] api.ERROR: Api\Repository\PostsRepositoryFromDoctrine::getById(): Return value must be of type Api\Entity\Posts, null returned [] []
[2023-03-01T09:13:36.903910+00:00] api.ERROR: Not found. [] []
[2023-03-01T09:16:28.453111+00:00] api.ERROR: Api\Repository\PostsRepositoryFromDoctrine::getById(): Argument #1 ($post_id) must be of type Ramsey\Uuid\UuidInterface, string given, called in /Users/krivanraul/php-api-project/src/Controller/DeletePostsController.php on line 49 [] []
[2023-03-01T09:16:34.920406+00:00] api.ERROR: Api\Repository\PostsRepositoryFromDoctrine::getById(): Argument #1 ($post_id) must be of type Ramsey\Uuid\UuidInterface, string given, called in /Users/krivanraul/php-api-project/src/Controller/DeletePostsController.php on line 49 [] []
[2023-03-01T09:16:48.463057+00:00] api.ERROR: Api\Repository\PostsRepositoryFromDoctrine::getById(): Argument #1 ($post_id) must be of type Ramsey\Uuid\UuidInterface, string given, called in /Users/krivanraul/php-api-project/src/Controller/DeletePostsController.php on line 49 [] []
[2023-03-01T09:17:01.643187+00:00] api.ERROR: Api\Repository\PostsRepositoryFromDoctrine::getById(): Argument #1 ($post_id) must be of type Ramsey\Uuid\UuidInterface, string given, called in /Users/krivanraul/php-api-project/src/Controller/DeletePostsController.php on line 49 [] []
[2023-03-01T09:17:03.794969+00:00] api.ERROR: Api\Repository\PostsRepositoryFromDoctrine::getById(): Argument #1 ($post_id) must be of type Ramsey\Uuid\UuidInterface, string given, called in /Users/krivanraul/php-api-project/src/Controller/DeletePostsController.php on line 49 [] []
[2023-03-01T09:18:29.802627+00:00] api.ERROR: Api\Repository\PostsRepositoryFromDoctrine::getById(): Return value must be of type Api\Entity\Posts, null returned [] []
[2023-03-01T09:26:35.731606+00:00] api.ERROR: An exception occurred while executing a query: SQLSTATE[23000]: Integrity constraint violation: 1048 Column 'title' cannot be null [] []
[2023-03-01T09:32:18.684669+00:00] api.ERROR: An exception occurred while executing a query: SQLSTATE[23000]: Integrity constraint violation: 1048 Column 'title' cannot be null [] []
[2023-03-01T09:34:16.797241+00:00] api.ERROR: Typed property Api\Entity\Posts::$post_id must not be accessed before initialization [] []
[2023-03-01T09:34:40.053437+00:00] api.ERROR: An exception occurred while executing a query: SQLSTATE[23000]: Integrity constraint violation: 1048 Column 'title' cannot be null [] []
[2023-03-01T09:40:31.860395+00:00] api.ERROR: An exception occurred while executing a query: SQLSTATE[23000]: Integrity constraint violation: 1048 Column 'title' cannot be null [] []
[2023-03-01T09:41:08.870073+00:00] api.ERROR: An exception occurred while executing a query: SQLSTATE[23000]: Integrity constraint violation: 1048 Column 'title' cannot be null [] []
[2023-03-01T09:41:23.611239+00:00] api.ERROR: An exception occurred while executing a query: SQLSTATE[23000]: Integrity constraint violation: 1048 Column 'title' cannot be null [] []
[2023-03-01T09:43:50.011388+00:00] api.ERROR: Typed property Api\Entity\Posts::$post_id must not be accessed before initialization [] []
[2023-03-01T09:43:58.771538+00:00] api.ERROR: Typed property Api\Entity\Posts::$title must not be accessed before initialization [] []
[2023-03-01T09:44:03.333040+00:00] api.ERROR: Typed property Api\Entity\Posts::$post_id must not be accessed before initialization [] []
[2023-03-01T09:45:45.681296+00:00] api.ERROR: Typed property Api\Entity\Posts::$post_id must not be accessed before initialization [] []
[2023-03-01T09:46:11.588054+00:00] api.ERROR: Typed property Api\Entity\Posts::$content must not be accessed before initialization [] []
[2023-03-01T10:56:15.924855+00:00] api.ERROR: Call to a member function prepare() on null [] []
[2023-03-01T10:56:19.976019+00:00] api.ERROR: Class "Api\Entity\PostsCategories" not found [] []
[2023-03-01T12:15:07.257868+00:00] api.ERROR: Class "Api\Entity\PostsCategories" is not a valid entity or mapped super class. [] []
[2023-03-01T12:15:56.793417+00:00] api.ERROR: Class "Api\Entity\PostsCategories" is not a valid entity or mapped super class. [] []
[2023-03-01T12:16:15.531417+00:00] api.ERROR: Invalid UUID string: create [] []
[2023-03-01T12:17:28.628227+00:00] api.ERROR: Call to undefined method Api\Repository\PostsCategoriesRepositoryFromDoctrine::getByIdJoin() [] []
[2023-03-01T12:18:12.024291+00:00] api.ERROR: Method not allowed. Must be one of: POST [] []
[2023-03-01T12:18:19.268815+00:00] api.ERROR: Class "Api\Entity\PostsCategories" is not a valid entity or mapped super class. [] []
[2023-03-01T12:18:44.283753+00:00] api.ERROR: Not found. [] []
[2023-03-01T12:18:50.421557+00:00] api.ERROR: Method not allowed. Must be one of: POST [] []
[2023-03-01T12:19:34.821994+00:00] api.ERROR: Class "Api\Entity\PostsCategories" is not a valid entity or mapped super class. [] []
[2023-03-01T12:21:07.372164+00:00] api.ERROR: Class "Api\Entity\PostsCategories" is not a valid entity or mapped super class. [] []
[2023-03-01T12:21:10.273606+00:00] api.ERROR: Method not allowed. Must be one of: POST [] []
[2023-03-01T12:21:12.522889+00:00] api.ERROR: Method not allowed. Must be one of: POST [] []
[2023-03-01T12:21:15.813901+00:00] api.ERROR: Method not allowed. Must be one of: POST [] []
[2023-03-01T12:24:25.328972+00:00] api.ERROR: Class "Api\Entity\PostsCategories" not found [] []
[2023-03-01T12:25:40.737429+00:00] api.ERROR: Class "Api\Entity\PostsCategories" is not a valid entity or mapped super class. [] []
[2023-03-01T13:53:55.821305+00:00] api.ERROR: Class "Api\Entity\PostsCategories" not found [] []
[2023-03-01T14:06:22.902174+00:00] api.ERROR: Ramsey\Uuid\Uuid::fromString(): Argument #1 ($uuid) must be of type string, null given, called in /Users/krivanraul/php-api-project/src/Controller/GetByIdController.php on line 44 [] []
[2023-03-01T14:07:52.316140+00:00] api.ERROR: Ramsey\Uuid\Uuid::fromString(): Argument #1 ($uuid) must be of type string, null given, called in /Users/krivanraul/php-api-project/src/Controller/GetByIdController.php on line 44 [] []
[2023-03-01T14:35:12.207457+00:00] api.ERROR: Ramsey\Uuid\Uuid::fromString(): Argument #1 ($uuid) must be of type string, null given, called in /Users/krivanraul/php-api-project/src/Controller/PostsCategoryController.php on line 30 [] []
[2023-03-01T14:39:14.219016+00:00] api.ERROR: Ramsey\Uuid\Uuid::fromString(): Argument #1 ($uuid) must be of type string, null given, called in /Users/krivanraul/php-api-project/src/Controller/PostsCategoryController.php on line 30 [] []
[2023-03-01T14:39:23.443666+00:00] api.ERROR: Ramsey\Uuid\Uuid::fromString(): Argument #1 ($uuid) must be of type string, null given, called in /Users/krivanraul/php-api-project/src/Controller/PostsCategoryController.php on line 30 [] []
[2023-03-01T14:40:32.770978+00:00] api.ERROR: Ramsey\Uuid\Uuid::fromString(): Argument #1 ($uuid) must be of type string, null given, called in /Users/krivanraul/php-api-project/src/Controller/PostsCategoryController.php on line 30 [] []
[2023-03-01T14:43:42.898170+00:00] api.ERROR: Ramsey\Uuid\Uuid::fromString(): Argument #1 ($uuid) must be of type string, null given, called in /Users/krivanraul/php-api-project/src/Controller/PostsCategoryController.php on line 30 [] []
[2023-03-01T14:44:18.900439+00:00] api.ERROR: Ramsey\Uuid\Uuid::fromString(): Argument #1 ($uuid) must be of type string, null given, called in /Users/krivanraul/php-api-project/src/Controller/PostsCategoryController.php on line 30 [] []
[2023-03-01T14:46:44.313152+00:00] api.ERROR: Array callback has to contain indices 0 and 1 [] []
[2023-03-01T14:48:46.872479+00:00] api.ERROR: Array callback has to contain indices 0 and 1 [] []
[2023-03-01T14:49:37.450015+00:00] api.ERROR: Array callback has to contain indices 0 and 1 [] []
[2023-03-01T14:50:02.174542+00:00] api.ERROR: Array callback has to contain indices 0 and 1 [] []
[2023-03-01T16:35:34.245512+00:00] api.ERROR: Typed property Api\Controller\CreatePostsController::$categoriesRepository must not be accessed before initialization [] []
[2023-03-01T16:36:57.238895+00:00] api.ERROR: Class 'Api\Repository\Posts' does not exist [] []
[2023-03-01T16:37:49.031513+00:00] api.ERROR: Class 'Api\Repository\Posts' does not exist [] []
[2023-03-01T16:40:00.568275+00:00] api.ERROR: Class 'Api\Repository\Posts' does not exist [] []
[2023-03-01T16:41:33.309427+00:00] api.ERROR: Class 'Api\Repository\Posts' does not exist [] []
[2023-03-01T16:44:09.717122+00:00] api.ERROR: Class 'Api\Repository\Posts' does not exist [] []
[2023-03-01T16:44:48.157080+00:00] api.ERROR: Object of class Api\Entity\Categories could not be converted to string [] []
[2023-03-01T16:46:15.043501+00:00] api.ERROR: Object of class Api\Entity\Categories could not be converted to string [] []
[2023-03-01T16:47:12.717952+00:00] api.ERROR: Object of class Api\Entity\Categories could not be converted to string [] []
[2023-03-01T16:47:49.153038+00:00] api.ERROR: Object of class Api\Entity\Categories could not be converted to string [] []
[2023-03-01T16:51:57.221399+00:00] api.ERROR: Ramsey\Uuid\Uuid::fromString(): Argument #1 ($uuid) must be of type string, null given, called in /Users/krivanraul/php-api-project/src/Controller/CreatePostsController.php on line 77 [] []
[2023-03-01T16:52:41.964455+00:00] api.ERROR: Api\Entity\Posts::__construct(): Argument #1 ($id) must be of type Ramsey\Uuid\UuidInterface, null given, called in /Users/krivanraul/php-api-project/src/Controller/CreatePostsController.php on line 76 [] []
[2023-03-01T16:52:45.924621+00:00] api.ERROR: Ramsey\Uuid\Uuid::fromString(): Argument #1 ($uuid) must be of type string, null given, called in /Users/krivanraul/php-api-project/src/Controller/CreatePostsController.php on line 77 [] []
[2023-03-01T16:52:52.484660+00:00] api.ERROR: Object of class Api\Entity\Categories could not be converted to string [] []
[2023-03-01T16:54:15.641241+00:00] api.ERROR: Object of class Api\Entity\Categories could not be converted to string [] []
[2023-03-01T16:57:27.649476+00:00] api.ERROR: Object of class Api\Entity\Categories could not be converted to string [] []
[2023-03-01T16:58:00.506132+00:00] api.ERROR: Object of class Api\Entity\Categories could not be converted to string [] []
[2023-03-01T17:01:17.166773+00:00] api.ERROR: Object of class Api\Entity\Categories could not be converted to string [] []
[2023-03-02T08:59:04.950062+00:00] api.ERROR: Doctrine\ORM\Mapping\DefaultQuoteStrategy::getJoinTableName(): Argument #1 ($association) must be of type array, null given, called in /Users/krivanraul/php-api-project/vendor/doctrine/orm/lib/Doctrine/ORM/Persisters/Entity/BasicEntityPersister.php on line 579 [] []
[2023-03-02T09:03:56.152612+00:00] api.ERROR: Doctrine\ORM\Mapping\DefaultQuoteStrategy::getJoinTableName(): Argument #1 ($association) must be of type array, null given, called in /Users/krivanraul/php-api-project/vendor/doctrine/orm/lib/Doctrine/ORM/Persisters/Entity/BasicEntityPersister.php on line 579 [] []
[2023-03-02T09:05:06.604720+00:00] api.ERROR: Api\Repository\CategoriesRepositoryFromDoctrine::fetchById(): Return value must be of type Api\Entity\Categories, null returned [] []
[2023-03-02T09:05:32.526601+00:00] api.ERROR: Not found. [] []
[2023-03-02T09:06:22.926976+00:00] api.ERROR: Api\Repository\CategoriesRepositoryFromDoctrine::getByIdString(): Return value must be of type Api\Entity\Categories, null returned [] []
[2023-03-02T09:08:13.096210+00:00] api.ERROR: Api\Repository\PostsRepositoryFromDoctrine::getById(): Return value must be of type Api\Entity\Posts, null returned [] []
[2023-03-02T09:10:31.269206+00:00] api.ERROR: Api\Repository\PostsRepositoryFromDoctrine::getById(): Return value must be of type Api\Entity\Posts, null returned [] []
[2023-03-02T09:17:15.565036+00:00] api.ERROR: Api\Controller\GetAllPostsController::toJson(): Return value must be of type Laminas\Diactoros\Response\JsonResponse, array returned [] []
[2023-03-02T09:18:09.112342+00:00] api.ERROR: Cannot use object of type Api\Entity\Posts as array [] []
[2023-03-02T09:18:25.412565+00:00] api.ERROR: Cannot use object of type Api\Entity\Posts as array [] []
[2023-03-02T09:18:57.530987+00:00] api.ERROR: Cannot use object of type Api\Entity\Posts as array [] []
[2023-03-02T09:20:40.063274+00:00] api.ERROR: Cannot use object of type Api\Entity\Posts as array [] []
[2023-03-02T09:22:30.410188+00:00] api.ERROR: Cannot use object of type Api\Entity\Posts as array [] []
[2023-03-02T09:23:29.208497+00:00] api.ERROR: Cannot use object of type Api\Entity\Posts as array [] []
[2023-03-02T09:28:25.242897+00:00] api.ERROR: Cannot use object of type Api\Entity\Posts as array [] []
[2023-03-02T09:32:20.453018+00:00] api.ERROR: Cannot use object of type Api\Entity\Posts as array [] []
[2023-03-02T09:33:32.632379+00:00] api.ERROR: Cannot use object of type Api\Entity\Posts as array [] []
[2023-03-02T09:33:42.465494+00:00] api.ERROR: Cannot use object of type Api\Entity\Posts as array [] []
[2023-03-02T09:33:48.374512+00:00] api.ERROR: Cannot use object of type Api\Entity\Posts as array [] []
[2023-03-02T09:33:51.184680+00:00] api.ERROR: Cannot use object of type Api\Entity\Posts as array [] []
[2023-03-02T09:34:06.104996+00:00] api.ERROR: Cannot use object of type Api\Entity\Posts as array [] []
[2023-03-02T09:34:09.949274+00:00] api.ERROR: Cannot use object of type Api\Entity\Posts as array [] []
[2023-03-02T09:34:29.270713+00:00] api.ERROR: Cannot use object of type Api\Entity\Posts as array [] []
[2023-03-02T09:34:33.514193+00:00] api.ERROR: Cannot use object of type Api\Entity\Posts as array [] []
[2023-03-02T09:37:08.233145+00:00] api.ERROR: Cannot use object of type Api\Entity\Posts as array [] []
[2023-03-02T09:37:45.516540+00:00] api.ERROR: Cannot use object of type Api\Entity\Posts as array [] []
[2023-03-02T09:39:08.217142+00:00] api.ERROR: Cannot use object of type Api\Entity\Posts as array [] []
[2023-03-02T09:39:45.979104+00:00] api.ERROR: Cannot use object of type Api\Entity\Posts as array [] []
[2023-03-02T09:45:55.142633+00:00] api.ERROR: Api\Repository\CategoriesRepositoryFromDoctrine::fetchById(): Return value must be of type Api\Entity\Categories, null returned [] []
[2023-03-02T09:46:18.001569+00:00] api.ERROR: Cannot use object of type Api\Entity\Posts as array [] []
[2023-03-02T11:13:45.319684+00:00] api.ERROR: post ID not found [] []
[2023-03-02T11:15:13.681683+00:00] api.ERROR: post ID not found [] []
[2023-03-02T11:21:17.683024+00:00] api.ERROR: Not found. [] []
[2023-03-02T11:26:39.513433+00:00] api.ERROR: Api\Validator\DeletePostValidator::validate(): Argument #1 ($args) must be of type string, array given, called in /Users/krivanraul/php-api-project/src/Controller/DeletePostsController.php on line 51 [] []
[2023-03-02T11:33:30.287303+00:00] api.ERROR: post ID not found [] []
[2023-03-02T11:33:35.095191+00:00] api.ERROR: post ID not found [] []
[2023-03-02T11:34:03.231600+00:00] api.ERROR: post ID not found [] []
[2023-03-02T11:34:05.128763+00:00] api.ERROR: post ID not found [] []
[2023-03-02T11:34:05.624484+00:00] api.ERROR: post ID not found [] []
[2023-03-02T11:34:06.023379+00:00] api.ERROR: post ID not found [] []
[2023-03-02T11:34:46.130327+00:00] api.ERROR: post ID not found [] []
[2023-03-02T11:34:46.857985+00:00] api.ERROR: post ID not found [] []
[2023-03-02T11:34:47.280018+00:00] api.ERROR: post ID not found [] []
[2023-03-02T11:34:49.257507+00:00] api.ERROR: post ID not found [] []
[2023-03-02T11:34:49.953681+00:00] api.ERROR: post ID not found [] []
[2023-03-02T11:34:55.932003+00:00] api.ERROR: Not found. [] []
[2023-03-02T11:34:56.731223+00:00] api.ERROR: Not found. [] []
[2023-03-02T11:34:58.882360+00:00] api.ERROR: post ID not found [] []
[2023-03-02T11:35:24.765435+00:00] api.ERROR: post ID not found [] []
[2023-03-02T11:35:58.486219+00:00] api.ERROR: post ID not found [] []
[2023-03-02T11:36:13.183327+00:00] api.ERROR: post ID not found [] []
[2023-03-02T11:36:16.913318+00:00] api.ERROR: post ID not found [] []
[2023-03-02T11:36:36.544398+00:00] api.ERROR: Cannot use object of type Api\Entity\Posts as array [] []
[2023-03-02T11:36:43.209535+00:00] api.ERROR: Cannot use object of type Api\Entity\Posts as array [] []
[2023-03-02T11:36:44.004398+00:00] api.ERROR: Cannot use object of type Api\Entity\Posts as array [] []
[2023-03-02T11:37:08.830407+00:00] api.ERROR: post ID not found [] []
[2023-03-02T11:37:16.682164+00:00] api.ERROR: post ID not found [] []
[2023-03-02T12:55:58.333800+00:00] api.ERROR: Api\Repository\PostsRepositoryFromDoctrine::getById(): Return value must be of type Api\Entity\Posts, null returned [] []
[2023-03-02T13:01:36.217719+00:00] api.ERROR: count(): Argument #1 ($value) must be of type Countable|array, string given [] []
[2023-03-02T13:01:39.459192+00:00] api.ERROR: count(): Argument #1 ($value) must be of type Countable|array, string given [] []
[2023-03-02T13:01:39.949037+00:00] api.ERROR: count(): Argument #1 ($value) must be of type Countable|array, string given [] []
[2023-03-02T13:01:54.966436+00:00] api.ERROR: post ID not found [] []
[2023-03-02T13:01:56.145296+00:00] api.ERROR: post ID not found [] []
[2023-03-02T13:01:56.693390+00:00] api.ERROR: post ID not found [] []
[2023-03-02T13:02:42.837621+00:00] api.ERROR: post ID not found [] []
[2023-03-02T13:03:40.636468+00:00] api.ERROR: post ID not found [] []
[2023-03-02T13:03:41.428948+00:00] api.ERROR: post ID not found [] []
[2023-03-02T13:04:00.481054+00:00] api.ERROR: post ID not found [] []
[2023-03-02T14:25:17.256694+00:00] api.ERROR: count(): Argument #1 ($value) must be of type Countable|array, DoctrineProxies\__CG__\Api\Entity\Posts given [] []
[2023-03-02T14:25:25.686813+00:00] api.ERROR: count(): Argument #1 ($value) must be of type Countable|array, DoctrineProxies\__CG__\Api\Entity\Posts given [] []
[2023-03-02T14:25:26.310035+00:00] api.ERROR: count(): Argument #1 ($value) must be of type Countable|array, DoctrineProxies\__CG__\Api\Entity\Posts given [] []
[2023-03-02T14:25:51.705299+00:00] api.ERROR: count(): Argument #1 ($value) must be of type Countable|array, DoctrineProxies\__CG__\Api\Entity\Posts given [] []
[2023-03-02T16:56:50.316610+00:00] api.ERROR: Cannot use object of type Api\Entity\Posts as array [] []
[2023-03-02T16:57:05.764386+00:00] api.ERROR: Cannot use object of type Api\Entity\Posts as array [] []
[2023-03-02T17:02:17.014069+00:00] api.ERROR: Cannot use object of type Api\Entity\Posts as array [] []
[2023-03-02T17:04:27.677581+00:00] api.ERROR: Cannot use object of type Api\Entity\Posts as array [] []
[2023-03-04T10:34:28.261710+00:00] api.ERROR: Api\Repository\PostsRepositoryFromDoctrine::getById(): Return value must be of type Api\Entity\Posts, null returned [] []
[2023-03-04T10:34:29.097108+00:00] api.ERROR: Api\Repository\PostsRepositoryFromDoctrine::getById(): Return value must be of type Api\Entity\Posts, null returned [] []
[2023-03-04T10:34:29.605734+00:00] api.ERROR: Api\Repository\PostsRepositoryFromDoctrine::getById(): Return value must be of type Api\Entity\Posts, null returned [] []
[2023-03-04T10:34:30.323417+00:00] api.ERROR: Api\Repository\PostsRepositoryFromDoctrine::getById(): Return value must be of type Api\Entity\Posts, null returned [] []
[2023-03-04T10:35:23.074728+00:00] api.ERROR: Api\Repository\PostsRepositoryFromDoctrine::getById(): Return value must be of type Api\Entity\Posts, null returned [] []
[2023-03-04T10:35:23.675432+00:00] api.ERROR: Api\Repository\PostsRepositoryFromDoctrine::getById(): Return value must be of type Api\Entity\Posts, null returned [] []
[2023-03-04T10:35:28.629251+00:00] api.ERROR: Api\Repository\PostsRepositoryFromDoctrine::getById(): Return value must be of type Api\Entity\Posts, null returned [] []
[2023-03-04T10:36:00.462124+00:00] api.ERROR: Api\Repository\PostsRepositoryFromDoctrine::getById(): Return value must be of type Api\Entity\Posts, null returned [] []
[2023-03-04T10:36:36.399794+00:00] api.ERROR: Api\Repository\PostsRepositoryFromDoctrine::getById(): Return value must be of type Api\Entity\Posts, null returned [] []
[2023-03-04T10:37:08.806287+00:00] api.ERROR: Api\Repository\PostsRepositoryFromDoctrine::getById(): Return value must be of type Api\Entity\Posts, null returned [] []
[2023-03-04T10:39:21.198212+00:00] api.ERROR: Api\Repository\PostsRepositoryFromDoctrine::getById(): Return value must be of type Api\Entity\Posts, null returned [] []
[2023-03-04T10:39:21.963992+00:00] api.ERROR: Api\Repository\PostsRepositoryFromDoctrine::getById(): Return value must be of type Api\Entity\Posts, null returned [] []
[2023-03-04T10:41:13.631186+00:00] api.ERROR: Api\Repository\PostsRepositoryFromDoctrine::getById(): Return value must be of type Api\Entity\Posts, null returned [] []
[2023-03-04T10:41:14.396621+00:00] api.ERROR: Api\Repository\PostsRepositoryFromDoctrine::getById(): Return value must be of type Api\Entity\Posts, null returned [] []
[2023-03-04T10:41:14.970290+00:00] api.ERROR: Api\Repository\PostsRepositoryFromDoctrine::getById(): Return value must be of type Api\Entity\Posts, null returned [] []
[2023-03-04T10:41:25.578211+00:00] api.ERROR: Api\Repository\PostsRepositoryFromDoctrine::getById(): Return value must be of type Api\Entity\Posts, null returned [] []
[2023-03-04T10:42:06.305651+00:00] api.ERROR: Api\Repository\PostsRepositoryFromDoctrine::getById(): Return value must be of type Api\Entity\Posts, null returned [] []
[2023-03-04T10:42:50.274452+00:00] api.ERROR: Api\Repository\PostsRepositoryFromDoctrine::getById(): Return value must be of type Api\Entity\Posts, null returned [] []
[2023-03-04T10:42:51.021017+00:00] api.ERROR: Api\Repository\PostsRepositoryFromDoctrine::getById(): Return value must be of type Api\Entity\Posts, null returned [] []
[2023-03-04T10:42:56.112354+00:00] api.ERROR: Api\Repository\PostsRepositoryFromDoctrine::getById(): Return value must be of type Api\Entity\Posts, null returned [] []
[2023-03-04T10:42:56.519461+00:00] api.ERROR: Api\Repository\PostsRepositoryFromDoctrine::getById(): Return value must be of type Api\Entity\Posts, null returned [] []
[2023-03-04T10:43:31.334731+00:00] api.ERROR: Api\Repository\PostsRepositoryFromDoctrine::getById(): Return value must be of type Api\Entity\Posts, null returned [] []
[2023-03-04T10:43:33.405148+00:00] api.ERROR: Api\Repository\PostsRepositoryFromDoctrine::getById(): Return value must be of type Api\Entity\Posts, null returned [] []
[2023-03-04T10:43:34.165994+00:00] api.ERROR: Api\Repository\PostsRepositoryFromDoctrine::getById(): Return value must be of type Api\Entity\Posts, null returned [] []
[2023-03-04T10:43:51.943658+00:00] api.ERROR: The identifier id is missing for a query of Api\Entity\Posts [] []
[2023-03-04T10:44:29.226593+00:00] api.ERROR: The identifier id is missing for a query of Api\Entity\Posts [] []
[2023-03-04T10:44:38.912920+00:00] api.ERROR: The identifier id is missing for a query of Api\Entity\Posts [] []
[2023-03-04T10:44:39.712670+00:00] api.ERROR: The identifier id is missing for a query of Api\Entity\Posts [] []
[2023-03-04T10:44:51.229010+00:00] api.ERROR: Api\Repository\PostsRepositoryFromDoctrine::getById(): Return value must be of type Api\Entity\Posts, null returned [] []
[2023-03-04T10:45:41.873396+00:00] api.ERROR: Api\Repository\PostsRepositoryFromDoctrine::getById(): Return value must be of type Api\Entity\Posts, null returned [] []
[2023-03-04T10:45:44.574015+00:00] api.ERROR: Api\Repository\PostsRepositoryFromDoctrine::getById(): Return value must be of type Api\Entity\Posts, null returned [] []
[2023-03-04T10:48:03.305425+00:00] api.ERROR: Api\Repository\PostsRepositoryFromDoctrine::getById(): Return value must be of type Api\Entity\Posts, null returned [] []
[2023-03-04T10:48:17.662574+00:00] api.ERROR: Api\Repository\PostsRepositoryFromDoctrine::getById(): Return value must be of type Api\Entity\Posts, null returned [] []
[2023-03-04T10:49:41.556955+00:00] api.ERROR: Not found. [] []
[2023-03-04T10:50:33.770814+00:00] api.ERROR: Api\Repository\CategoriesRepositoryFromDoctrine::fetchById(): Return value must be of type Api\Entity\Categories, null returned [] []
[2023-03-04T10:51:37.555709+00:00] api.ERROR: Api\Repository\CategoriesRepositoryFromDoctrine::fetchById(): Return value must be of type Api\Entity\Categories, null returned [] []
[2023-03-04T10:51:38.253272+00:00] api.ERROR: Api\Repository\CategoriesRepositoryFromDoctrine::fetchById(): Return value must be of type Api\Entity\Categories, null returned [] []
[2023-03-04T10:51:44.441695+00:00] api.ERROR: Api\Repository\CategoriesRepositoryFromDoctrine::fetchById(): Return value must be of type Api\Entity\Categories, null returned [] []
[2023-03-04T10:52:09.959374+00:00] api.ERROR: Api\Repository\CategoriesRepositoryFromDoctrine::fetchById(): Return value must be of type Api\Entity\Categories, null returned [] []
[2023-03-04T10:52:57.415024+00:00] api.ERROR: Api\Repository\CategoriesRepositoryFromDoctrine::fetchById(): Return value must be of type Api\Entity\Categories, null returned [] []
[2023-03-04T11:04:54.667002+00:00] api.ERROR: Api\Repository\PostsRepositoryFromDoctrine::getById(): Return value must be of type Api\Entity\Posts, null returned [] []
[2023-03-04T11:04:55.464965+00:00] api.ERROR: Api\Repository\PostsRepositoryFromDoctrine::getById(): Return value must be of type Api\Entity\Posts, null returned [] []
[2023-03-04T11:05:08.749187+00:00] api.ERROR: Api\Repository\PostsRepositoryFromDoctrine::getById(): Return value must be of type Api\Entity\Posts, null returned [] []
[2023-03-04T11:05:09.414065+00:00] api.ERROR: Api\Repository\PostsRepositoryFromDoctrine::getById(): Return value must be of type Api\Entity\Posts, null returned [] []
[2023-03-04T11:07:12.097745+00:00] api.ERROR: Api\Repository\PostsRepositoryFromDoctrine::getById(): Return value must be of type Api\Entity\Posts, null returned [] []
[2023-03-04T11:07:12.871126+00:00] api.ERROR: Api\Repository\PostsRepositoryFromDoctrine::getById(): Return value must be of type Api\Entity\Posts, null returned [] []
[2023-03-04T11:07:21.886175+00:00] api.ERROR: Api\Repository\PostsRepositoryFromDoctrine::getById(): Return value must be of type Api\Entity\Posts, null returned [] []
[2023-03-04T12:01:19.705805+00:00] api.ERROR: Api\Repository\PostsRepositoryFromDoctrine::getById(): Return value must be of type Api\Entity\Posts, null returned [] []
[2023-03-04T12:01:21.017570+00:00] api.ERROR: Api\Repository\PostsRepositoryFromDoctrine::getById(): Return value must be of type Api\Entity\Posts, null returned [] []
[2023-03-06T08:24:54.872884+00:00] api.ERROR: Api\Repository\PostsRepositoryFromDoctrine::getById(): Return value must be of type Api\Entity\Posts, null returned [] []
[2023-03-06T08:24:56.012862+00:00] api.ERROR: Api\Repository\PostsRepositoryFromDoctrine::getById(): Return value must be of type Api\Entity\Posts, null returned [] []
[2023-03-06T08:45:32.225589+00:00] api.ERROR: Api\Repository\PostsRepositoryFromDoctrine::getById(): Return value must be of type Api\Entity\Posts, null returned [] []
[2023-03-06T08:45:32.938608+00:00] api.ERROR: Api\Repository\PostsRepositoryFromDoctrine::getById(): Return value must be of type Api\Entity\Posts, null returned [] []
[2023-03-06T08:45:33.636046+00:00] api.ERROR: Api\Repository\PostsRepositoryFromDoctrine::getById(): Return value must be of type Api\Entity\Posts, null returned [] []
[2023-03-06T08:46:40.057292+00:00] api.ERROR: Api\Repository\PostsRepositoryFromDoctrine::getById(): Return value must be of type Api\Entity\Posts, null returned [] []
[2023-03-06T08:47:33.193765+00:00] api.ERROR: post ID not found [] []
[2023-03-06T08:47:34.072243+00:00] api.ERROR: post ID not found [] []
[2023-03-06T08:48:19.857188+00:00] api.ERROR: post ID not found [] []
[2023-03-06T08:49:33.156669+00:00] api.ERROR: category ID not found [] []
[2023-03-06T08:49:33.958179+00:00] api.ERROR: category ID not found [] []
[2023-03-06T08:52:22.428506+00:00] api.ERROR: post ID not found [] []
[2023-03-06T08:52:35.863935+00:00] api.ERROR: post ID not found [] []
[2023-03-06T08:52:48.611248+00:00] api.ERROR: post ID not found [] []
[2023-03-06T08:52:49.454321+00:00] api.ERROR: post ID not found [] []
[2023-03-06T08:53:04.241286+00:00] api.ERROR: post ID not found [] []
[2023-03-06T08:53:04.875821+00:00] api.ERROR: post ID not found [] []
[2023-03-06T08:53:05.437074+00:00] api.ERROR: post ID not found [] []
[2023-03-06T08:53:33.707874+00:00] api.ERROR: Not found. [] []
[2023-03-06T08:54:34.447698+00:00] api.ERROR: Not found. [] []
[2023-03-06T08:55:09.071413+00:00] api.ERROR: Not found. [] []
[2023-03-06T08:55:39.349676+00:00] api.ERROR: Not found. [] []
[2023-03-06T08:56:25.038114+00:00] api.ERROR: post ID not found [] []
[2023-03-06T08:56:25.580693+00:00] api.ERROR: post ID not found [] []
[2023-03-06T08:57:56.590366+00:00] api.ERROR: post ID not found [] []
[2023-03-06T09:03:14.967811+00:00] api.ERROR: post ID not found [] []
[2023-03-06T09:03:21.908945+00:00] api.ERROR: Call to undefined method DoctrineProxies\__CG__\Api\Entity\Posts::rowCount() [] []
[2023-03-06T09:03:24.361336+00:00] api.ERROR: Call to undefined method DoctrineProxies\__CG__\Api\Entity\Posts::rowCount() [] []
[2023-03-06T09:03:30.003482+00:00] api.ERROR: Call to undefined method DoctrineProxies\__CG__\Api\Entity\Posts::count() [] []
[2023-03-06T09:03:31.625500+00:00] api.ERROR: Call to undefined method DoctrineProxies\__CG__\Api\Entity\Posts::count() [] []
[2023-03-06T09:07:16.706958+00:00] api.ERROR: Call to undefined method DoctrineProxies\__CG__\Api\Entity\Posts::equals() [] []
[2023-03-06T12:15:11.481923+00:00] api.ERROR: post ID not found [] []
[2023-03-06T12:22:14.760525+00:00] api.ERROR: Invalid UUID string: 232cd280-3790-4bbb-9deb-85e61be5dd1 [] []
[2023-03-06T12:22:21.805766+00:00] api.ERROR: Invalid UUID string: 232cd280-3790-4bbb-9deb-85e61be5dd1s [] []
[2023-03-06T12:22:49.209364+00:00] api.ERROR: post ID not found [] []
[2023-03-06T12:22:50.056022+00:00] api.ERROR: post ID not found [] []
[2023-03-06T12:29:51.914169+00:00] api.ERROR: Cannot use object of type Api\Entity\Posts as array [] []
[2023-03-06T12:30:11.851975+00:00] api.ERROR: Cannot use object of type Api\Entity\Posts as array [] []
[2023-03-06T12:30:19.102140+00:00] api.ERROR: Cannot use object of type Api\Entity\Posts as array [] []
[2023-03-06T12:30:24.034419+00:00] api.ERROR: Cannot use object of type Api\Entity\Posts as array [] []
[2023-03-06T12:32:31.823205+00:00] api.ERROR: Cannot use object of type Api\Entity\Posts as array [] []
[2023-03-06T12:34:43.409296+00:00] api.ERROR: Cannot use object of type Api\Entity\Posts as array [] []
[2023-03-06T12:34:44.840549+00:00] api.ERROR: Cannot use object of type Api\Entity\Posts as array [] []
[2023-03-06T12:34:59.181328+00:00] api.ERROR: Cannot use object of type Api\Entity\Posts as array [] []
[2023-03-06T12:35:36.014552+00:00] api.ERROR: Cannot use object of type Api\Entity\Posts as array [] []
[2023-03-06T12:35:36.858869+00:00] api.ERROR: Cannot use object of type Api\Entity\Posts as array [] []
[2023-03-06T12:35:54.161787+00:00] api.ERROR: Cannot use object of type Api\Entity\Posts as array [] []
[2023-03-06T12:36:07.526928+00:00] api.ERROR: Cannot use object of type Api\Entity\Posts as array [] []
[2023-03-06T12:37:01.438546+00:00] api.ERROR: Cannot use object of type Api\Entity\Posts as array [] []
[2023-03-06T12:37:34.163903+00:00] api.ERROR: Cannot use object of type Api\Entity\Posts as array [] []
[2023-03-06T12:38:06.946631+00:00] api.ERROR: Cannot use object of type Api\Entity\Posts as array [] []
[2023-03-06T12:40:37.326036+00:00] api.ERROR: Cannot use object of type Api\Entity\Posts as array [] []
[2023-03-06T12:41:19.188624+00:00] api.ERROR: Cannot use object of type Api\Entity\Posts as array [] []
[2023-03-06T12:41:26.711282+00:00] api.ERROR: Cannot use object of type Api\Entity\Posts as array [] []
[2023-03-06T12:41:37.351702+00:00] api.ERROR: Cannot use object of type Api\Entity\Posts as array [] []
[2023-03-06T12:41:40.286159+00:00] api.ERROR: Cannot use object of type Api\Entity\Posts as array [] []
[2023-03-06T12:41:57.122166+00:00] api.ERROR: Cannot use object of type Api\Entity\Posts as array [] []
[2023-03-06T12:42:11.027078+00:00] api.ERROR: Cannot use object of type Api\Entity\Posts as array [] []
[2023-03-06T12:42:17.775587+00:00] api.ERROR: Cannot use object of type Api\Entity\Posts as array [] []
[2023-03-06T12:42:33.858830+00:00] api.ERROR: Cannot use object of type Api\Entity\Posts as array [] []
[2023-03-06T12:43:02.766636+00:00] api.ERROR: Cannot use object of type Api\Entity\Posts as array [] []
[2023-03-06T12:43:13.513077+00:00] api.ERROR: Cannot use object of type Api\Entity\Posts as array [] []
[2023-03-06T12:43:16.253404+00:00] api.ERROR: Cannot use object of type Api\Entity\Posts as array [] []
[2023-03-06T13:07:27.904753+00:00] api.ERROR: category ID not found [] []
[2023-03-06T13:39:19.057590+00:00] api.ERROR: Cannot use object of type Api\Entity\Posts as array [] []
[2023-03-06T13:44:00.217983+00:00] api.ERROR: Cannot use object of type Api\Entity\Posts as array [] []
[2023-03-06T13:44:18.302636+00:00] api.ERROR: Cannot use object of type Api\Entity\Posts as array [] []
[2023-03-06T13:44:31.317283+00:00] api.ERROR: Cannot use object of type Api\Entity\Posts as array [] []
[2023-03-06T13:44:33.822546+00:00] api.ERROR: Cannot use object of type Api\Entity\Posts as array [] []
[2023-03-06T13:45:20.677189+00:00] api.ERROR: Cannot use object of type Api\Entity\Posts as array [] []
[2023-03-06T14:06:43.495077+00:00] api.ERROR: Cannot use object of type Api\Entity\Posts as array [] []
[2023-03-06T14:07:18.648410+00:00] api.ERROR: Cannot use object of type Api\Entity\Posts as array [] []
[2023-03-06T16:06:24.593271+00:00] api.ERROR: Cannot use object of type Api\Entity\Posts as array [] []
[2023-03-06T16:29:53.306493+00:00] api.ERROR: post ID not found [] []
[2023-03-06T16:57:31.778689+00:00] api.ERROR: category ID not found [] []
[2023-03-06T16:57:32.433641+00:00] api.ERROR: category ID not found [] []
[2023-03-06T16:59:28.106698+00:00] api.ERROR: Not found. [] []
[2023-03-06T17:45:12.233672+00:00] api.ERROR: post ID not found [] []
[2023-03-06T17:45:44.887481+00:00] api.ERROR: Not found. [] []
[2023-03-07T09:39:22.401300+00:00] api.ERROR: category ID not found [] []
[2023-03-07T09:39:26.821263+00:00] api.ERROR: Not found. [] []
[2023-03-07T09:43:02.977427+00:00] api.ERROR: post ID not found [] []
[2023-03-07T09:43:26.465059+00:00] api.ERROR: Call to undefined method Api\Entity\Posts::posted_at() [] []
[2023-03-07T09:47:52.310718+00:00] api.ERROR: Call to a member function toArray() on array [] []
[2023-03-07T09:48:37.808243+00:00] api.ERROR: Call to undefined method Api\Entity\Posts::posted_at() [] []
[2023-03-07T09:48:39.172394+00:00] api.ERROR: Call to undefined method Api\Entity\Posts::posted_at() [] []
[2023-03-07T09:49:16.917046+00:00] api.ERROR: Call to undefined method Api\Entity\Posts::categories() [] []
[2023-03-07T09:51:08.193115+00:00] api.ERROR: post ID not found [] []
[2023-03-07T10:38:28.280066+00:00] api.ERROR: post ID not found [] []
[2023-03-07T10:38:29.478642+00:00] api.ERROR: post ID not found [] []
[2023-03-07T10:46:00.171405+00:00] api.ERROR: post ID not found [] []
[2023-03-07T10:46:53.014479+00:00] api.ERROR: post ID not found [] []
[2023-03-07T10:47:56.578361+00:00] api.ERROR: post ID not found [] []
[2023-03-07T10:48:02.227692+00:00] api.ERROR: category ID not found [] []
[2023-03-07T10:49:28.577611+00:00] api.ERROR: category ID not found [] []
[2023-03-07T10:55:25.327843+00:00] api.ERROR: Api\Repository\CategoriesRepositoryFromDoctrine::fetchById(): Return value must be of type Api\Entity\Categories, InvalidArgumentException returned [] []
[2023-03-07T10:57:46.498217+00:00] api.ERROR: Cannot use object of type Ramsey\Uuid\Lazy\LazyUuidFromString as array [] []
[2023-03-07T11:00:14.989154+00:00] api.ERROR: Exception::__construct(): Argument #2 ($code) must be of type int, array given [] []
[2023-03-07T12:50:10.248039+00:00] api.ERROR: Not found. [] []
